<?xml version="1.0" encoding="utf-8"?><testsuites name="pytest tests"><testsuite name="pytest" errors="0" failures="1" skipped="0" tests="13" time="3.503" timestamp="2026-06-29T14:09:50.440936+00:00" hostname="agent-env-18d5de3a-e8b8-4017-8e56-520dcd5fcc77"><testcase classname="tests.backend_test" name="test_health" time="0.224" /><testcase classname="tests.backend_test" name="test_admin_login_sets_cookies" time="0.356" /><testcase classname="tests.backend_test" name="test_influencer_login_role" time="0.323" /><testcase classname="tests.backend_test" name="test_brand_login_role" time="0.354" /><testcase classname="tests.backend_test" name="test_get_my_influencer" time="0.392" /><testcase classname="tests.backend_test" name="test_update_my_influencer_bio" time="0.118" /><testcase classname="tests.backend_test" name="test_list_deals_offer_sent" time="0.055" /><testcase classname="tests.backend_test" name="test_patch_deal_status_accept" time="0.152" /><testcase classname="tests.backend_test" name="test_notifications_seed_and_read" time="0.167" /><testcase classname="tests.backend_test" name="test_submit_verification" time="0.059" /><testcase classname="tests.backend_test" name="test_withdrawal_create_and_list" time="0.192" /><testcase classname="tests.backend_test" name="test_withdrawal_invalid_amount" time="0.054" /><testcase classname="tests.backend_test" name="test_demo_seed_idempotent_counts" time="0.374"><failure message="TypeError: 'NoneType' object is not subscriptable">backend/tests/backend_test.py:171: in test_demo_seed_idempotent_counts
    brands = admin_session.get(f"{API}/brands").json()["brands"]
             ^^^^^^^^^^^^^^^^^^^^^^^^^^^^^^^^^^^^^^^^^^^^^^^^^^^
E   TypeError: 'NoneType' object is not subscriptable</failure></testcase></testsuite></testsuites>